<?xml version="1.0" encoding="UTF-8"?>
<!-- Generated by org.testng.reporters.JUnitXMLReporter -->
<testsuite ignored="0" hostname="vivobook-asuslaptop-x512flc-x512fl" failures="0" tests="9" name="Default test" time="112.825" errors="0" timestamp="2024-01-18T15:20:59 IST">
  <testcase classname="com.apollo2.Empty_Section.Goat_Brain" name="login" time="12.102"/>
  <testcase classname="com.apollo2.Empty_Section.Goat_Brain" name="GoatBrain_4" time="19.419"/>
  <testcase classname="com.apollo2.Empty_Section.Goat_Brain" name="Wrong_GB16_CMC_Delete" time="12.024"/>
  <testcase classname="com.apollo2.Empty_Section.Goat_Brain" name="GoatBrain_22" time="11.021"/>
  <testcase classname="com.apollo2.Empty_Section.Goat_Brain" name="GoatBrain_9" time="12.039"/>
  <testcase classname="com.apollo2.Empty_Section.Goat_Brain" name="GoatBrain_21" time="12.018"/>
  <testcase classname="com.apollo2.Empty_Section.Goat_Brain" name="GoatBrain_23" time="11.27"/>
  <testcase classname="com.apollo2.Empty_Section.Goat_Brain" name="GoatBrain_25" time="11.684"/>
  <testcase classname="com.apollo2.Empty_Section.Goat_Brain" name="GoatBrain_24" time="10.228"/>
</testsuite> <!-- Default test -->
