<?xml version="1.0" encoding="UTF-8"?>
<testng-results ignored="0" total="9" passed="9" failed="0" skipped="0">
  <reporter-output>
  </reporter-output>
  <suite started-at="2024-01-18T15:19:07 IST" name="Default suite" finished-at="2024-01-18T15:20:59 IST" duration-ms="112825">
    <groups>
    </groups>
    <test started-at="2024-01-18T15:19:07 IST" name="Default test" finished-at="2024-01-18T15:20:59 IST" duration-ms="112825">
      <class name="com.apollo2.Empty_Section.Goat_Brain">
        <test-method is-config="true" signature="setup()[pri:0, instance:com.apollo2.Empty_Section.Goat_Brain@f736069]" started-at="2024-01-18T15:19:07 IST" name="setup" finished-at="2024-01-18T15:19:07 IST" duration-ms="802" status="PASS">
          <reporter-output>
          </reporter-output>
        </test-method> <!-- setup -->
        <test-method signature="login()[pri:1, instance:com.apollo2.Empty_Section.Goat_Brain@f736069]" started-at="2024-01-18T15:19:07 IST" name="login" finished-at="2024-01-18T15:19:19 IST" duration-ms="12102" status="PASS">
          <reporter-output>
          </reporter-output>
        </test-method> <!-- login -->
        <test-method signature="GoatBrain_4()[pri:2, instance:com.apollo2.Empty_Section.Goat_Brain@f736069]" started-at="2024-01-18T15:19:20 IST" name="GoatBrain_4" finished-at="2024-01-18T15:19:39 IST" duration-ms="19419" status="PASS">
          <reporter-output>
          </reporter-output>
        </test-method> <!-- GoatBrain_4 -->
        <test-method signature="Wrong_GB16_CMC_Delete()[pri:3, instance:com.apollo2.Empty_Section.Goat_Brain@f736069]" started-at="2024-01-18T15:19:39 IST" name="Wrong_GB16_CMC_Delete" finished-at="2024-01-18T15:19:51 IST" duration-ms="12024" status="PASS">
          <reporter-output>
          </reporter-output>
        </test-method> <!-- Wrong_GB16_CMC_Delete -->
        <test-method signature="GoatBrain_22()[pri:4, instance:com.apollo2.Empty_Section.Goat_Brain@f736069]" started-at="2024-01-18T15:19:51 IST" name="GoatBrain_22" finished-at="2024-01-18T15:20:02 IST" duration-ms="11021" status="PASS">
          <reporter-output>
          </reporter-output>
        </test-method> <!-- GoatBrain_22 -->
        <test-method signature="GoatBrain_9()[pri:4, instance:com.apollo2.Empty_Section.Goat_Brain@f736069]" started-at="2024-01-18T15:20:02 IST" name="GoatBrain_9" finished-at="2024-01-18T15:20:14 IST" duration-ms="12039" status="PASS">
          <reporter-output>
          </reporter-output>
        </test-method> <!-- GoatBrain_9 -->
        <test-method signature="GoatBrain_21()[pri:5, instance:com.apollo2.Empty_Section.Goat_Brain@f736069]" started-at="2024-01-18T15:20:14 IST" name="GoatBrain_21" finished-at="2024-01-18T15:20:26 IST" duration-ms="12018" status="PASS">
          <reporter-output>
          </reporter-output>
        </test-method> <!-- GoatBrain_21 -->
        <test-method signature="GoatBrain_23()[pri:6, instance:com.apollo2.Empty_Section.Goat_Brain@f736069]" started-at="2024-01-18T15:20:26 IST" name="GoatBrain_23" finished-at="2024-01-18T15:20:37 IST" duration-ms="11270" status="PASS">
          <reporter-output>
          </reporter-output>
        </test-method> <!-- GoatBrain_23 -->
        <test-method signature="GoatBrain_25()[pri:7, instance:com.apollo2.Empty_Section.Goat_Brain@f736069]" started-at="2024-01-18T15:20:37 IST" name="GoatBrain_25" finished-at="2024-01-18T15:20:49 IST" duration-ms="11684" status="PASS">
          <reporter-output>
          </reporter-output>
        </test-method> <!-- GoatBrain_25 -->
        <test-method signature="GoatBrain_24()[pri:8, instance:com.apollo2.Empty_Section.Goat_Brain@f736069]" started-at="2024-01-18T15:20:49 IST" name="GoatBrain_24" finished-at="2024-01-18T15:20:59 IST" duration-ms="10228" status="PASS">
          <reporter-output>
          </reporter-output>
        </test-method> <!-- GoatBrain_24 -->
        <test-method is-config="true" signature="tearDown()[pri:0, instance:com.apollo2.Empty_Section.Goat_Brain@f736069]" started-at="2024-01-18T15:20:59 IST" name="tearDown" finished-at="2024-01-18T15:20:59 IST" duration-ms="151" status="PASS">
          <reporter-output>
          </reporter-output>
        </test-method> <!-- tearDown -->
      </class> <!-- com.apollo2.Empty_Section.Goat_Brain -->
    </test> <!-- Default test -->
  </suite> <!-- Default suite -->
</testng-results>
