<?xml version="1.0" encoding="UTF-8"?>
<testng-results ignored="0" total="9" passed="9" failed="0" skipped="0">
  <reporter-output>
  </reporter-output>
  <suite started-at="2024-02-23T11:39:24 IST" name="Default suite" finished-at="2024-02-23T11:40:36 IST" duration-ms="72007">
    <groups>
    </groups>
    <test started-at="2024-02-23T11:39:24 IST" name="Default test" finished-at="2024-02-23T11:40:36 IST" duration-ms="72007">
      <class name="com.apollo2.Empty_Section.Goat_Brain">
        <test-method is-config="true" signature="setup()[pri:0, instance:com.apollo2.Empty_Section.Goat_Brain@f736069]" started-at="2024-02-23T11:39:24 IST" name="setup" finished-at="2024-02-23T11:39:26 IST" duration-ms="2191" status="PASS">
          <reporter-output>
          </reporter-output>
        </test-method> <!-- setup -->
        <test-method signature="login()[pri:1, instance:com.apollo2.Empty_Section.Goat_Brain@f736069]" started-at="2024-02-23T11:39:26 IST" name="login" finished-at="2024-02-23T11:39:36 IST" duration-ms="9818" status="PASS">
          <reporter-output>
          </reporter-output>
        </test-method> <!-- login -->
        <test-method signature="GoatBrain_4()[pri:2, instance:com.apollo2.Empty_Section.Goat_Brain@f736069]" started-at="2024-02-23T11:39:36 IST" name="GoatBrain_4" finished-at="2024-02-23T11:39:55 IST" duration-ms="18555" status="PASS">
          <reporter-output>
          </reporter-output>
        </test-method> <!-- GoatBrain_4 -->
        <test-method signature="Wrong_GB16_CMC_Delete()[pri:3, instance:com.apollo2.Empty_Section.Goat_Brain@f736069]" started-at="2024-02-23T11:39:55 IST" name="Wrong_GB16_CMC_Delete" finished-at="2024-02-23T11:40:01 IST" duration-ms="5861" status="PASS">
          <reporter-output>
          </reporter-output>
        </test-method> <!-- Wrong_GB16_CMC_Delete -->
        <test-method signature="GoatBrain_22()[pri:4, instance:com.apollo2.Empty_Section.Goat_Brain@f736069]" started-at="2024-02-23T11:40:01 IST" name="GoatBrain_22" finished-at="2024-02-23T11:40:07 IST" duration-ms="6117" status="PASS">
          <reporter-output>
          </reporter-output>
        </test-method> <!-- GoatBrain_22 -->
        <test-method signature="GoatBrain_9()[pri:4, instance:com.apollo2.Empty_Section.Goat_Brain@f736069]" started-at="2024-02-23T11:40:07 IST" name="GoatBrain_9" finished-at="2024-02-23T11:40:13 IST" duration-ms="6007" status="PASS">
          <reporter-output>
          </reporter-output>
        </test-method> <!-- GoatBrain_9 -->
        <test-method signature="GoatBrain_21()[pri:5, instance:com.apollo2.Empty_Section.Goat_Brain@f736069]" started-at="2024-02-23T11:40:13 IST" name="GoatBrain_21" finished-at="2024-02-23T11:40:18 IST" duration-ms="5438" status="PASS">
          <reporter-output>
          </reporter-output>
        </test-method> <!-- GoatBrain_21 -->
        <test-method signature="GoatBrain_23()[pri:6, instance:com.apollo2.Empty_Section.Goat_Brain@f736069]" started-at="2024-02-23T11:40:18 IST" name="GoatBrain_23" finished-at="2024-02-23T11:40:25 IST" duration-ms="6387" status="PASS">
          <reporter-output>
          </reporter-output>
        </test-method> <!-- GoatBrain_23 -->
        <test-method signature="GoatBrain_25()[pri:7, instance:com.apollo2.Empty_Section.Goat_Brain@f736069]" started-at="2024-02-23T11:40:25 IST" name="GoatBrain_25" finished-at="2024-02-23T11:40:31 IST" duration-ms="6128" status="PASS">
          <reporter-output>
          </reporter-output>
        </test-method> <!-- GoatBrain_25 -->
        <test-method signature="GoatBrain_24()[pri:8, instance:com.apollo2.Empty_Section.Goat_Brain@f736069]" started-at="2024-02-23T11:40:31 IST" name="GoatBrain_24" finished-at="2024-02-23T11:40:36 IST" duration-ms="5324" status="PASS">
          <reporter-output>
          </reporter-output>
        </test-method> <!-- GoatBrain_24 -->
        <test-method is-config="true" signature="tearDown()[pri:0, instance:com.apollo2.Empty_Section.Goat_Brain@f736069]" started-at="2024-02-23T11:40:36 IST" name="tearDown" finished-at="2024-02-23T11:40:36 IST" duration-ms="143" status="PASS">
          <reporter-output>
          </reporter-output>
        </test-method> <!-- tearDown -->
      </class> <!-- com.apollo2.Empty_Section.Goat_Brain -->
    </test> <!-- Default test -->
  </suite> <!-- Default suite -->
</testng-results>
